TN:
SF:src\backend\config\db.ts
FN:33,(anonymous_1)
FN:37,(anonymous_2)
FNF:2
FNH:1
FNDA:1,(anonymous_1)
FNDA:0,(anonymous_2)
DA:3,2
DA:4,2
DA:6,2
DA:8,2
DA:10,2
DA:11,8
DA:12,0
DA:13,0
DA:19,2
DA:20,2
DA:32,2
DA:34,1
DA:35,1
DA:38,0
DA:42,0
DA:43,0
DA:46,2
LF:17
LH:12
BRDA:11,0,0,0
BRF:1
BRH:0
end_of_record
TN:
SF:src\backend\functions\adminFunc.ts
FN:10,(anonymous_1)
FN:11,(anonymous_2)
FN:22,(anonymous_3)
FN:27,(anonymous_4)
FN:43,(anonymous_5)
FN:44,(anonymous_6)
FN:48,(anonymous_7)
FN:65,(anonymous_8)
FNF:8
FNH:2
FNDA:3,(anonymous_1)
FNDA:0,(anonymous_2)
FNDA:1,(anonymous_3)
FNDA:0,(anonymous_4)
FNDA:0,(anonymous_5)
FNDA:0,(anonymous_6)
FNDA:0,(anonymous_7)
FNDA:0,(anonymous_8)
DA:2,1
DA:3,1
DA:5,1
DA:7,1
DA:10,1
DA:11,3
DA:12,0
DA:22,1
DA:23,1
DA:27,1
DA:28,0
DA:30,0
DA:35,0
DA:36,0
DA:39,0
DA:40,0
DA:43,1
DA:44,0
DA:48,1
DA:49,0
DA:50,0
DA:54,0
DA:60,0
DA:61,0
DA:65,1
DA:66,0
DA:67,0
DA:74,0
DA:79,0
DA:80,0
DA:85,1
DA:86,1
DA:88,1
LF:33
LH:15
BRDA:23,0,0,0
BRDA:23,0,1,1
BRDA:35,1,0,0
BRDA:35,2,0,0
BRDA:35,2,1,0
BRDA:55,3,0,0
BRDA:55,3,1,0
BRF:7
BRH:1
end_of_record
TN:
SF:src\backend\functions\doacaoFunc.ts
FN:8,parseNumber
FN:26,(anonymous_2)
FN:99,(anonymous_3)
FN:168,(anonymous_4)
FNF:4
FNH:4
FNDA:3,parseNumber
FNDA:2,(anonymous_2)
FNDA:2,(anonymous_3)
FNDA:2,(anonymous_4)
DA:3,1
DA:9,3
DA:10,3
DA:12,0
DA:13,0
DA:14,0
DA:15,0
DA:16,0
DA:18,0
DA:26,1
DA:27,2
DA:28,2
DA:29,2
DA:31,2
DA:32,1
DA:41,1
DA:42,1
DA:43,1
DA:46,1
DA:47,0
DA:52,1
DA:53,0
DA:58,1
DA:59,1
DA:60,1
DA:67,0
DA:71,0
DA:77,0
DA:79,0
DA:85,0
DA:86,0
DA:99,1
DA:100,2
DA:101,2
DA:102,2
DA:104,2
DA:105,1
DA:115,1
DA:116,1
DA:117,1
DA:120,1
DA:121,0
DA:126,1
DA:127,0
DA:136,1
DA:140,1
DA:146,1
DA:148,1
DA:154,0
DA:155,0
DA:168,1
DA:169,2
DA:170,2
DA:171,2
DA:173,2
DA:174,1
DA:183,1
DA:184,1
DA:185,1
DA:188,1
DA:189,0
DA:194,1
DA:195,0
DA:201,1
DA:205,1
DA:211,1
DA:212,1
DA:214,1
DA:220,0
DA:221,0
LF:70
LH:48
BRDA:9,0,0,3
BRDA:10,1,0,0
BRDA:10,1,1,3
BRDA:12,2,0,0
BRDA:14,3,0,0
BRDA:16,4,0,0
BRDA:16,4,1,0
BRDA:31,5,0,1
BRDA:46,6,0,0
BRDA:46,7,0,1
BRDA:46,7,1,1
BRDA:52,8,0,0
BRDA:59,9,0,1
BRDA:88,10,0,0
BRDA:88,10,1,0
BRDA:104,11,0,1
BRDA:120,12,0,0
BRDA:120,13,0,1
BRDA:120,13,1,1
BRDA:126,14,0,0
BRDA:144,15,0,1
BRDA:144,15,1,0
BRDA:146,16,0,1
BRDA:146,16,1,0
BRDA:157,17,0,0
BRDA:157,17,1,0
BRDA:173,18,0,1
BRDA:188,19,0,0
BRDA:188,20,0,1
BRDA:188,20,1,1
BRDA:194,21,0,0
BRDA:223,22,0,0
BRDA:223,22,1,0
BRF:33
BRH:14
end_of_record
TN:
SF:src\backend\functions\userFunc.ts
FN:11,(anonymous_1)
FN:12,(anonymous_2)
FN:18,(anonymous_3)
FN:39,(anonymous_4)
FN:70,(anonymous_5)
FN:71,(anonymous_6)
FN:85,(anonymous_7)
FN:101,(anonymous_8)
FN:132,(anonymous_9)
FN:198,(anonymous_10)
FN:257,(anonymous_11)
FNF:11
FNH:8
FNDA:6,(anonymous_1)
FNDA:20,(anonymous_2)
FNDA:3,(anonymous_3)
FNDA:9,(anonymous_4)
FNDA:2,(anonymous_5)
FNDA:2,(anonymous_6)
FNDA:3,(anonymous_7)
FNDA:0,(anonymous_8)
FNDA:3,(anonymous_9)
FNDA:0,(anonymous_10)
FNDA:0,(anonymous_11)
DA:2,1
DA:3,1
DA:4,1
DA:6,1
DA:8,1
DA:11,1
DA:12,6
DA:13,20
DA:16,1
DA:19,3
DA:20,3
DA:21,3
DA:22,1
DA:24,2
DA:25,2
DA:31,1
DA:37,1
DA:40,9
DA:42,9
DA:43,9
DA:44,1
DA:47,8
DA:51,8
DA:52,1
DA:55,7
DA:56,7
DA:57,7
DA:58,1
DA:61,6
DA:62,6
DA:63,6
DA:68,1
DA:71,2
DA:72,2
DA:73,1
DA:75,1
DA:76,1
DA:83,1
DA:86,3
DA:87,1
DA:90,2
DA:92,2
DA:97,1
DA:101,1
DA:102,0
DA:103,0
DA:108,0
DA:109,0
DA:112,0
DA:121,0
DA:130,1
DA:133,3
DA:134,3
DA:135,1
DA:138,2
DA:144,2
DA:145,1
DA:147,1
DA:149,1
DA:158,1
DA:167,1
DA:176,1
DA:186,1
DA:196,1
DA:199,0
DA:200,0
DA:201,0
DA:204,0
DA:205,0
DA:206,0
DA:210,0
DA:215,0
DA:216,0
DA:219,0
DA:220,0
DA:221,0
DA:222,0
DA:226,0
DA:227,0
DA:229,0
DA:231,0
DA:237,0
DA:243,0
DA:249,0
DA:254,0
DA:257,0
DA:258,0
DA:259,0
DA:260,0
DA:262,0
DA:263,0
DA:267,0
DA:268,0
DA:269,0
DA:271,0
DA:276,1
LF:96
LH:59
BRDA:21,0,0,1
BRDA:21,1,0,3
BRDA:21,1,1,3
BRDA:21,1,2,3
BRDA:21,1,3,2
BRDA:21,1,4,2
BRDA:43,2,0,1
BRDA:43,3,0,9
BRDA:43,3,1,9
BRDA:51,4,0,1
BRDA:57,5,0,1
BRDA:72,6,0,1
BRDA:86,7,0,1
BRDA:108,8,0,0
BRDA:124,9,0,0
BRDA:124,9,1,0
BRDA:134,10,0,1
BRDA:144,11,0,1
BRDA:200,12,0,0
BRDA:205,13,0,0
BRDA:215,14,0,0
BRDA:221,15,0,0
BRDA:258,16,0,0
BRF:23
BRH:15
end_of_record
TN:
SF:src\backend\utils\encrypt.ts
FN:6,(anonymous_1)
FN:10,(anonymous_2)
FNF:2
FNH:0
FNDA:0,(anonymous_1)
FNDA:0,(anonymous_2)
DA:2,1
DA:4,1
DA:6,1
DA:7,0
DA:10,1
DA:11,0
LF:6
LH:4
BRF:0
BRH:0
end_of_record
