TN:
SF:src\backend\config\db.ts
FN:14,(anonymous_1)
FNF:1
FNH:1
FNDA:1,(anonymous_1)
DA:1,1
DA:2,1
DA:3,1
DA:5,1
DA:14,1
DA:15,1
DA:16,1
DA:17,1
DA:18,1
DA:20,0
DA:24,1
LF:11
LH:10
BRF:0
BRH:0
end_of_record
TN:
SF:src\backend\functions\userFunc.ts
FN:10,(anonymous_1)
FN:11,(anonymous_2)
FN:17,(anonymous_3)
FN:38,(anonymous_4)
FN:69,(anonymous_5)
FN:70,(anonymous_6)
FN:84,(anonymous_7)
FN:102,(anonymous_8)
FN:103,(anonymous_9)
FNF:9
FNH:9
FNDA:4,(anonymous_1)
FNDA:17,(anonymous_2)
FNDA:3,(anonymous_3)
FNDA:9,(anonymous_4)
FNDA:2,(anonymous_5)
FNDA:2,(anonymous_6)
FNDA:3,(anonymous_7)
FNDA:3,(anonymous_8)
FNDA:3,(anonymous_9)
DA:2,1
DA:3,1
DA:4,1
DA:7,1
DA:10,1
DA:11,4
DA:12,17
DA:15,1
DA:18,3
DA:19,3
DA:20,3
DA:21,1
DA:23,2
DA:24,2
DA:30,1
DA:36,1
DA:39,9
DA:41,9
DA:42,9
DA:43,1
DA:46,8
DA:50,8
DA:51,1
DA:54,7
DA:55,7
DA:56,7
DA:57,1
DA:60,6
DA:61,6
DA:62,6
DA:67,1
DA:70,2
DA:71,2
DA:72,1
DA:74,1
DA:75,1
DA:82,1
DA:85,3
DA:86,1
DA:89,2
DA:91,2
DA:96,1
DA:100,1
DA:103,3
DA:104,3
DA:105,3
DA:106,3
DA:107,1
DA:110,2
DA:116,2
DA:117,1
DA:119,1
DA:121,1
DA:130,1
DA:135,0
DA:136,0
DA:144,1
LF:57
LH:55
BRDA:20,0,0,1
BRDA:20,1,0,3
BRDA:20,1,1,3
BRDA:20,1,2,3
BRDA:20,1,3,2
BRDA:20,1,4,2
BRDA:42,2,0,1
BRDA:42,3,0,9
BRDA:42,3,1,9
BRDA:50,4,0,1
BRDA:56,5,0,1
BRDA:71,6,0,1
BRDA:85,7,0,1
BRDA:106,8,0,1
BRDA:116,9,0,1
BRF:15
BRH:15
end_of_record
TN:
SF:src\backend\utils\encrypt.ts
FN:6,(anonymous_1)
FN:10,(anonymous_2)
FNF:2
FNH:0
FNDA:0,(anonymous_1)
FNDA:0,(anonymous_2)
DA:2,1
DA:4,1
DA:6,1
DA:7,0
DA:10,1
DA:11,0
LF:6
LH:4
BRF:0
BRH:0
end_of_record
